PCAD Importer Log
Project : DM3AT-SF-PEJM5.LibPkg

Section : D:\projet-lievres\footprints\DM3AT-SF-PEJM5.lia
    Section : PCB Library - DM3AT-SF-PEJM5.PcbLib
        Section : Load Messages
            Warning - 1 : Skipping Token poly On Line 125
            Warning - 1 : Skipping Token poly On Line 131
            Warning - 1 : Skipping Token poly On Line 137
            Warning - 1 : Skipping Token poly On Line 143
            Warning - 1 : Skipping Token poly On Line 149
            Warning - 1 : Skipping Token DM3AT-SF-PEJM5 On Line 205
            Warning - 1 : Skipping Token attachedSymbol On Line 338
        EndSection

        Section : Import Messages
            Warning - 0 : PCAD Pattern Graphics [HRS_DM3AT-SF-PEJM5][Primary] associated with PCAD Component [DM3AT-SF-PEJM5] has been renamed to PCB FootPrint [HRS_DM3AT-SF-PEJM5_DM3AT-SF-PEJM5(Primary)].
            Warning : Rectangle solder shape converted to solid region
            Warning : Rectangle solder shape converted to solid region
            Warning : Rectangle solder shape converted to solid region
            Warning : Rectangle solder shape converted to solid region
            Warning : Rectangle solder shape converted to solid region
            Warning : Rectangle solder shape converted to solid region
            Warning : Rectangle solder shape converted to solid region
            Warning : Rectangle solder shape converted to solid region
            Warning : Rectangle solder shape converted to solid region
            Warning : Rectangle solder shape converted to solid region
            Warning : Rectangle solder shape converted to solid region
            Warning : Rectangle solder shape converted to solid region
            Warning : Rectangle solder shape converted to solid region
            Warning : Rectangle solder shape converted to solid region
            Warning : Rectangle solder shape converted to solid region
            Warning : Rectangle solder shape converted to solid region
            Warning : Rectangle solder shape converted to solid region
            Warning : Rectangle solder shape converted to solid region
            Warning : Rectangle solder shape converted to solid region
            Warning : Rectangle solder shape converted to solid region
            Warning : Rectangle solder shape converted to solid region
            Warning : Rectangle solder shape converted to solid region
            Warning : Rectangle solder shape converted to solid region
            Warning : Rectangle solder shape converted to solid region
            Warning : Rectangle solder shape converted to solid region
            Warning : Rectangle solder shape converted to solid region
            Warning : Rectangle solder shape converted to solid region
            Warning : Rectangle solder shape converted to solid region
        EndSection
    EndSection

    Section : SCH Library - DM3AT-SF-PEJM5.SchLib
        Section : Parsing Messages
            Warning - 1 : Skipping Token padStyleDef On Line 9
            Warning - 1 : Skipping Token padStyleDef On Line 21
            Warning - 1 : Skipping Token padStyleDef On Line 33
            Warning - 1 : Skipping Token padStyleDef On Line 45
            Warning - 1 : Skipping Token padStyleDef On Line 57
            Warning - 1 : Skipping Token multiLayer On Line 108
            Warning - 1 : Skipping Token layerContents On Line 124
            Warning - 1 : Skipping Token layerContents On Line 170
        EndSection

        Section : Generating SCH Library - DM3AT-SF-PEJM5.SchLib
            Warning - 0 : PCAD Pattern Graphics [HRS_DM3AT-SF-PEJM5][Primary] associated with PCAD Component [DM3AT-SF-PEJM5] has been renamed to PCB FootPrint [HRS_DM3AT-SF-PEJM5_DM3AT-SF-PEJM5(Primary)].
        EndSection
    EndSection
EndSection
